{"/mnt/c/Users/bavana.sachidanand/TDD/GildedRose-Refactoring-Kata/js-jest/src/gilded_rose.js": {"path":"/mnt/c/Users/bavana.sachidanand/TDD/GildedRose-Refactoring-Kata/js-jest/src/gilded_rose.js","statementMap":{"0":{"start":{"line":3,"column":4},"end":{"line":3,"column":21}},"1":{"start":{"line":4,"column":4},"end":{"line":4,"column":25}},"2":{"start":{"line":5,"column":4},"end":{"line":5,"column":27}},"3":{"start":{"line":11,"column":4},"end":{"line":11,"column":23}},"4":{"start":{"line":14,"column":4},"end":{"line":60,"column":5}},"5":{"start":{"line":14,"column":17},"end":{"line":14,"column":18}},"6":{"start":{"line":15,"column":26},"end":{"line":15,"column":39}},"7":{"start":{"line":17,"column":6},"end":{"line":39,"column":7}},"8":{"start":{"line":18,"column":8},"end":{"line":22,"column":9}},"9":{"start":{"line":19,"column":10},"end":{"line":21,"column":11}},"10":{"start":{"line":20,"column":12},"end":{"line":20,"column":58}},"11":{"start":{"line":24,"column":8},"end":{"line":38,"column":9}},"12":{"start":{"line":25,"column":10},"end":{"line":25,"column":56}},"13":{"start":{"line":26,"column":10},"end":{"line":37,"column":11}},"14":{"start":{"line":27,"column":12},"end":{"line":31,"column":13}},"15":{"start":{"line":28,"column":14},"end":{"line":30,"column":15}},"16":{"start":{"line":29,"column":16},"end":{"line":29,"column":62}},"17":{"start":{"line":32,"column":12},"end":{"line":36,"column":13}},"18":{"start":{"line":33,"column":14},"end":{"line":35,"column":15}},"19":{"start":{"line":34,"column":16},"end":{"line":34,"column":62}},"20":{"start":{"line":40,"column":6},"end":{"line":42,"column":7}},"21":{"start":{"line":41,"column":8},"end":{"line":41,"column":52}},"22":{"start":{"line":43,"column":6},"end":{"line":59,"column":7}},"23":{"start":{"line":44,"column":8},"end":{"line":58,"column":9}},"24":{"start":{"line":45,"column":10},"end":{"line":53,"column":11}},"25":{"start":{"line":46,"column":12},"end":{"line":50,"column":13}},"26":{"start":{"line":47,"column":14},"end":{"line":49,"column":15}},"27":{"start":{"line":48,"column":16},"end":{"line":48,"column":62}},"28":{"start":{"line":52,"column":12},"end":{"line":52,"column":76}},"29":{"start":{"line":55,"column":10},"end":{"line":57,"column":11}},"30":{"start":{"line":56,"column":12},"end":{"line":56,"column":58}},"31":{"start":{"line":62,"column":4},"end":{"line":62,"column":22}},"32":{"start":{"line":68,"column":0},"end":{"line":71,"column":1}}},"fnMap":{"0":{"name":"(anonymous_0)","decl":{"start":{"line":2,"column":2},"end":{"line":2,"column":3}},"loc":{"start":{"line":2,"column":36},"end":{"line":6,"column":3}},"line":2},"1":{"name":"(anonymous_1)","decl":{"start":{"line":10,"column":2},"end":{"line":10,"column":3}},"loc":{"start":{"line":10,"column":23},"end":{"line":12,"column":3}},"line":10},"2":{"name":"(anonymous_2)","decl":{"start":{"line":13,"column":2},"end":{"line":13,"column":3}},"loc":{"start":{"line":13,"column":18},"end":{"line":63,"column":3}},"line":13}},"branchMap":{"0":{"loc":{"start":{"line":10,"column":14},"end":{"line":10,"column":22}},"type":"default-arg","locations":[{"start":{"line":10,"column":20},"end":{"line":10,"column":22}}],"line":10},"1":{"loc":{"start":{"line":17,"column":6},"end":{"line":39,"column":7}},"type":"if","locations":[{"start":{"line":17,"column":6},"end":{"line":39,"column":7}},{"start":{"line":17,"column":6},"end":{"line":39,"column":7}}],"line":17},"2":{"loc":{"start":{"line":17,"column":10},"end":{"line":17,"column":108}},"type":"binary-expr","locations":[{"start":{"line":17,"column":10},"end":{"line":17,"column":41}},{"start":{"line":17,"column":45},"end":{"line":17,"column":108}}],"line":17},"3":{"loc":{"start":{"line":18,"column":8},"end":{"line":22,"column":9}},"type":"if","locations":[{"start":{"line":18,"column":8},"end":{"line":22,"column":9}},{"start":{"line":18,"column":8},"end":{"line":22,"column":9}}],"line":18},"4":{"loc":{"start":{"line":19,"column":10},"end":{"line":21,"column":11}},"type":"if","locations":[{"start":{"line":19,"column":10},"end":{"line":21,"column":11}},{"start":{"line":19,"column":10},"end":{"line":21,"column":11}}],"line":19},"5":{"loc":{"start":{"line":24,"column":8},"end":{"line":38,"column":9}},"type":"if","locations":[{"start":{"line":24,"column":8},"end":{"line":38,"column":9}},{"start":{"line":24,"column":8},"end":{"line":38,"column":9}}],"line":24},"6":{"loc":{"start":{"line":26,"column":10},"end":{"line":37,"column":11}},"type":"if","locations":[{"start":{"line":26,"column":10},"end":{"line":37,"column":11}},{"start":{"line":26,"column":10},"end":{"line":37,"column":11}}],"line":26},"7":{"loc":{"start":{"line":27,"column":12},"end":{"line":31,"column":13}},"type":"if","locations":[{"start":{"line":27,"column":12},"end":{"line":31,"column":13}},{"start":{"line":27,"column":12},"end":{"line":31,"column":13}}],"line":27},"8":{"loc":{"start":{"line":28,"column":14},"end":{"line":30,"column":15}},"type":"if","locations":[{"start":{"line":28,"column":14},"end":{"line":30,"column":15}},{"start":{"line":28,"column":14},"end":{"line":30,"column":15}}],"line":28},"9":{"loc":{"start":{"line":32,"column":12},"end":{"line":36,"column":13}},"type":"if","locations":[{"start":{"line":32,"column":12},"end":{"line":36,"column":13}},{"start":{"line":32,"column":12},"end":{"line":36,"column":13}}],"line":32},"10":{"loc":{"start":{"line":33,"column":14},"end":{"line":35,"column":15}},"type":"if","locations":[{"start":{"line":33,"column":14},"end":{"line":35,"column":15}},{"start":{"line":33,"column":14},"end":{"line":35,"column":15}}],"line":33},"11":{"loc":{"start":{"line":40,"column":6},"end":{"line":42,"column":7}},"type":"if","locations":[{"start":{"line":40,"column":6},"end":{"line":42,"column":7}},{"start":{"line":40,"column":6},"end":{"line":42,"column":7}}],"line":40},"12":{"loc":{"start":{"line":43,"column":6},"end":{"line":59,"column":7}},"type":"if","locations":[{"start":{"line":43,"column":6},"end":{"line":59,"column":7}},{"start":{"line":43,"column":6},"end":{"line":59,"column":7}}],"line":43},"13":{"loc":{"start":{"line":44,"column":8},"end":{"line":58,"column":9}},"type":"if","locations":[{"start":{"line":44,"column":8},"end":{"line":58,"column":9}},{"start":{"line":44,"column":8},"end":{"line":58,"column":9}}],"line":44},"14":{"loc":{"start":{"line":45,"column":10},"end":{"line":53,"column":11}},"type":"if","locations":[{"start":{"line":45,"column":10},"end":{"line":53,"column":11}},{"start":{"line":45,"column":10},"end":{"line":53,"column":11}}],"line":45},"15":{"loc":{"start":{"line":46,"column":12},"end":{"line":50,"column":13}},"type":"if","locations":[{"start":{"line":46,"column":12},"end":{"line":50,"column":13}},{"start":{"line":46,"column":12},"end":{"line":50,"column":13}}],"line":46},"16":{"loc":{"start":{"line":47,"column":14},"end":{"line":49,"column":15}},"type":"if","locations":[{"start":{"line":47,"column":14},"end":{"line":49,"column":15}},{"start":{"line":47,"column":14},"end":{"line":49,"column":15}}],"line":47},"17":{"loc":{"start":{"line":55,"column":10},"end":{"line":57,"column":11}},"type":"if","locations":[{"start":{"line":55,"column":10},"end":{"line":57,"column":11}},{"start":{"line":55,"column":10},"end":{"line":57,"column":11}}],"line":55}},"s":{"0":12,"1":12,"2":12,"3":12,"4":14,"5":14,"6":14,"7":14,"8":5,"9":3,"10":1,"11":9,"12":6,"13":6,"14":4,"15":3,"16":3,"17":4,"18":2,"19":2,"20":14,"21":12,"22":14,"23":5,"24":5,"25":4,"26":2,"27":1,"28":1,"29":0,"30":0,"31":14,"32":1},"f":{"0":12,"1":12,"2":14},"b":{"0":[0],"1":[5,9],"2":[14,10],"3":[3,2],"4":[1,2],"5":[6,3],"6":[4,2],"7":[3,1],"8":[3,0],"9":[2,2],"10":[2,0],"11":[12,2],"12":[5,9],"13":[5,0],"14":[4,1],"15":[2,2],"16":[1,1],"17":[0,0]},"_coverageSchema":"43e27e138ebf9cfc5966b082cf9a028302ed4184","hash":"64eb0c4b8e88a490d0b24ff22bdb7756e6ca8b12"}
}
