TN:
SF:/mnt/c/Users/bavana.sachidanand/TDD/GildedRose-Refactoring-Kata/js-jest/src/gilded_rose.js
FN:2,(anonymous_0)
FN:10,(anonymous_1)
FN:13,(anonymous_2)
FNF:3
FNH:3
FNDA:12,(anonymous_0)
FNDA:12,(anonymous_1)
FNDA:14,(anonymous_2)
DA:3,12
DA:4,12
DA:5,12
DA:11,12
DA:14,14
DA:15,14
DA:17,14
DA:18,5
DA:19,3
DA:20,1
DA:24,9
DA:25,6
DA:26,6
DA:27,4
DA:28,3
DA:29,3
DA:32,4
DA:33,2
DA:34,2
DA:40,14
DA:41,12
DA:43,14
DA:44,5
DA:45,5
DA:46,4
DA:47,2
DA:48,1
DA:52,1
DA:55,0
DA:56,0
DA:62,14
DA:68,1
LF:32
LH:30
BRDA:10,0,0,0
BRDA:17,1,0,5
BRDA:17,1,1,9
BRDA:17,2,0,14
BRDA:17,2,1,10
BRDA:18,3,0,3
BRDA:18,3,1,2
BRDA:19,4,0,1
BRDA:19,4,1,2
BRDA:24,5,0,6
BRDA:24,5,1,3
BRDA:26,6,0,4
BRDA:26,6,1,2
BRDA:27,7,0,3
BRDA:27,7,1,1
BRDA:28,8,0,3
BRDA:28,8,1,0
BRDA:32,9,0,2
BRDA:32,9,1,2
BRDA:33,10,0,2
BRDA:33,10,1,0
BRDA:40,11,0,12
BRDA:40,11,1,2
BRDA:43,12,0,5
BRDA:43,12,1,9
BRDA:44,13,0,5
BRDA:44,13,1,0
BRDA:45,14,0,4
BRDA:45,14,1,1
BRDA:46,15,0,2
BRDA:46,15,1,2
BRDA:47,16,0,1
BRDA:47,16,1,1
BRDA:55,17,0,0
BRDA:55,17,1,0
BRF:35
BRH:29
end_of_record
